<?xml version="1.0" encoding="UTF-8"?>
<testsuite name="tree.MaximumValueTest" tests="1" skipped="0" failures="0" errors="0" timestamp="2022-03-31T15:21:56" hostname="DESKTOP-MEOQ1NB" time="0.004">
  <properties/>
  <testcase name="testFindMaximumValue" classname="tree.MaximumValueTest" time="0.004"/>
  <system-out><![CDATA[]]></system-out>
  <system-err><![CDATA[]]></system-err>
</testsuite>
